INFO:sim:172 - Generating IP...
Resolving generics for 'block_memory'...
Applying external generics to 'block_memory'...
Delivering associated files for 'block_memory'...
WARNING:sim - Can't find 'Verilog' synthesis view; using general synthesis view
Delivering EJava files for 'block_memory'...
Generating implementation netlist for 'block_memory'...
INFO:sim - Pre-processing HDL files for 'block_memory'...
Running synthesis for 'block_memory'
Running ngcbuild...
Writing VEO instantiation template for 'block_memory'...
Writing Verilog behavioral simulation model for 'block_memory'...
Generating ASY schematic symbol...
INFO:sim:949 - Finished generation of ASY schematic symbol.
Generating SYM schematic symbol for 'block_memory'...
Generating metadata file...
Generating ISE project...
XCO file found: block_memory.xco
XMDF file found: block_memory_xmdf.tcl
Adding
C:/Users/humphrjm/Documents/Xilinx/232FinalProject/FinalProject/ipcore_dir/tmp/_
cg/blk_mem_gen_v6_3_readme.txt -view all -origin_type imported
Adding
C:/Users/humphrjm/Documents/Xilinx/232FinalProject/FinalProject/ipcore_dir/tmp/_
cg/block_memory.asy -view all -origin_type imported
Adding
C:/Users/humphrjm/Documents/Xilinx/232FinalProject/FinalProject/ipcore_dir/tmp/_
cg/block_memory.ngc -view all -origin_type created
Checking file
"C:/Users/humphrjm/Documents/Xilinx/232FinalProject/FinalProject/ipcore_dir/tmp/
_cg/block_memory.ngc" for project device match ...
File
"C:/Users/humphrjm/Documents/Xilinx/232FinalProject/FinalProject/ipcore_dir/tmp/
_cg/block_memory.ngc" device information matches project device.
Adding
C:/Users/humphrjm/Documents/Xilinx/232FinalProject/FinalProject/ipcore_dir/tmp/_
cg/block_memory.sym -view all -origin_type imported
Adding
C:/Users/humphrjm/Documents/Xilinx/232FinalProject/FinalProject/ipcore_dir/tmp/_
cg/block_memory.v -view all -origin_type created
INFO:HDLCompiler:1845 - Analyzing Verilog file
   "C:/Users/humphrjm/Documents/Xilinx/232FinalProject/FinalProject/ipcore_dir/t
   mp/_cg/block_memory.v" into library work
INFO:ProjectMgmt - Parsing design hierarchy completed successfully.
Adding
C:/Users/humphrjm/Documents/Xilinx/232FinalProject/FinalProject/ipcore_dir/tmp/_
cg/block_memory.veo -view all -origin_type imported
INFO:TclTasksC:2116 - The automatic calculation of top has been turned-off.
   Please set the new top explicitly by running the "project set top" command.
   To re-calculate the new top automatically, set the "Auto Implementation Top"
   property to true.
Top level has been set to "/block_memory"
Generating README file...
Generating FLIST file...
INFO:sim:948 - Finished FLIST file generation.
Launching README viewer...
Moving files to output directory...
Finished moving files to output directory
Wrote CGP file for project 'block_memory'.
